Good evening Dave,  
last action : 2019-03-24 18:54:36.380000 :  
no key to parse : config 
last action : 2019-03-24 18:54:54.051000 :  
no key to parse : Neopixel 
last action : 2019-03-24 18:54:54.371000 :  
no key to parse : chatbot 
last action : 2019-03-24 18:54:57.572000 :  
no key to parse : pir 
last action : 2019-03-24 18:54:57.891000 :  
no key to parse : opencv 
last action : 2019-03-24 18:54:58.440000 :  
no key to parse : openni 
last action : 2019-03-24 18:55:00.352000 :  
no key to parse : eyeLids 
last action : 2019-03-24 18:55:02.897000 :  
no key to parse : head 
last action : 2019-03-24 18:55:09.529000 :  
no key to parse : leftArm 
last action : 2019-03-24 18:55:12.074000 :  
no key to parse : lefthand 
last action : 2019-03-24 18:55:14.804000 :  
no key to parse : rightArm 
last action : 2019-03-24 18:55:17.260000 :  
no key to parse : rightHand 
last action : 2019-03-24 18:55:20.050000 :  
no key to parse : torso 
last action : 2019-03-24 18:55:25.976000 :  
no key to parse : inmoovlife 
